<?xml version="1.0" encoding="UTF-8"?>
<testng-results ignored="0" total="1" passed="1" failed="0" skipped="0">
  <reporter-output>
  </reporter-output>
  <suite started-at="2026-04-01T11:32:07Z" name="Default suite" finished-at="2026-04-01T11:32:18Z" duration-ms="10524">
    <groups>
    </groups>
    <test started-at="2026-04-01T11:32:07Z" name="Default test" finished-at="2026-04-01T11:32:18Z" duration-ms="10524">
      <class name="myPackage.TestWebDriverManager">
        <test-method signature="a()[pri:0, instance:myPackage.TestWebDriverManager@359df09a]" started-at="2026-04-01T11:32:07Z" name="a" finished-at="2026-04-01T11:32:18Z" duration-ms="10448" status="PASS">
          <reporter-output>
          </reporter-output>
        </test-method> <!-- a -->
      </class> <!-- myPackage.TestWebDriverManager -->
    </test> <!-- Default test -->
  </suite> <!-- Default suite -->
</testng-results>
